# JRE version: OpenJDK Runtime Environment Temurin-21.0.10+7 (21.0.10+7) (build 21.0.10+7-LTS)
# Java VM: OpenJDK 64-Bit Server VM Temurin-21.0.10+7 (21.0.10+7-LTS, mixed mode, sharing, tiered, compressed oops, compressed class ptrs, parallel gc, windows-amd64)
GC Precious Log:
 CardTable entry size: 512
 CPUs: 16 total, 16 available
 Memory: 16052M
 Large Page Support: Disabled
 NUMA Support: Disabled
 Compressed Oops: Enabled (32-bit)
 Alignments: Space 512K, Generation 512K, Heap 2M
 Heap Min Capacity: 100M
 Heap Initial Capacity: 100M
 Heap Max Capacity: 2G
 Pre-touch: Disabled
 Parallel Workers: 13
Heap:
 PSYoungGen      total 22016K, used 6440K [0x00000000d5580000, 0x00000000d7580000, 0x0000000100000000)
  eden space 21504K, 27% used [0x00000000d5580000,0x00000000d5b52070,0x00000000d6a80000)
  from space 512K, 93% used [0x00000000d7200000,0x00000000d7278078,0x00000000d7280000)
  to   space 5632K, 0% used [0x00000000d6a80000,0x00000000d6a80000,0x00000000d7000000)
 ParOldGen       total 68608K, used 57274K [0x0000000080000000, 0x0000000084300000, 0x00000000d5580000)
  object space 68608K, 83% used [0x0000000080000000,0x00000000837eeb80,0x0000000084300000)
 Metaspace       used 54128K, committed 55552K, reserved 1114112K
  class space    used 5724K, committed 6400K, reserved 1048576K
GC Heap History (20 events):
Event: 9.971 GC heap before
{Heap before GC invocations=27 (full 2):
 PSYoungGen      total 23040K, used 22905K [0x00000000d5580000, 0x00000000d6d80000, 0x0000000100000000)
  eden space 21504K, 99% used [0x00000000d5580000,0x00000000d6a7e330,0x00000000d6a80000)
  from space 1536K, 91% used [0x00000000d6c00000,0x00000000d6d601a0,0x00000000d6d80000)
  to   space 1536K, 0% used [0x00000000d6a80000,0x00000000d6a80000,0x00000000d6c00000)
 ParOldGen       total 68608K, used 37473K [0x0000000080000000, 0x0000000084300000, 0x00000000d5580000)
  object space 68608K, 54% used [0x0000000080000000,0x0000000082498490,0x0000000084300000)
 Metaspace       used 45249K, committed 46464K, reserved 1114112K
  class space    used 4757K, committed 5312K, reserved 1048576K
}
Event: 9.974 GC heap after
{Heap after GC invocations=27 (full 2):
 PSYoungGen      total 23040K, used 1518K [0x00000000d5580000, 0x00000000d7180000, 0x0000000100000000)
  eden space 21504K, 0% used [0x00000000d5580000,0x00000000d5580000,0x00000000d6a80000)
  from space 1536K, 98% used [0x00000000d6a80000,0x00000000d6bfbab8,0x00000000d6c00000)
  to   space 3584K, 0% used [0x00000000d6e00000,0x00000000d6e00000,0x00000000d7180000)
 ParOldGen       total 68608K, used 38988K [0x0000000080000000, 0x0000000084300000, 0x00000000d5580000)
  object space 68608K, 56% used [0x0000000080000000,0x0000000082613178,0x0000000084300000)
 Metaspace       used 45249K, committed 46464K, reserved 1114112K
  class space    used 4757K, committed 5312K, reserved 1048576K
}
Event: 10.056 GC heap before
{Heap before GC invocations=28 (full 2):
 PSYoungGen      total 23040K, used 23022K [0x00000000d5580000, 0x00000000d7180000, 0x0000000100000000)
  eden space 21504K, 100% used [0x00000000d5580000,0x00000000d6a80000,0x00000000d6a80000)
  from space 1536K, 98% used [0x00000000d6a80000,0x00000000d6bfbab8,0x00000000d6c00000)
  to   space 3584K, 0% used [0x00000000d6e00000,0x00000000d6e00000,0x00000000d7180000)
 ParOldGen       total 68608K, used 38988K [0x0000000080000000, 0x0000000084300000, 0x00000000d5580000)
  object space 68608K, 56% used [0x0000000080000000,0x0000000082613178,0x0000000084300000)
 Metaspace       used 45799K, committed 47040K, reserved 1114112K
  class space    used 4809K, committed 5376K, reserved 1048576K
}
Event: 10.059 GC heap after
{Heap after GC invocations=28 (full 2):
 PSYoungGen      total 22016K, used 416K [0x00000000d5580000, 0x00000000d6e80000, 0x0000000100000000)
  eden space 21504K, 0% used [0x00000000d5580000,0x00000000d5580000,0x00000000d6a80000)
  from space 512K, 81% used [0x00000000d6e00000,0x00000000d6e68000,0x00000000d6e80000)
  to   space 1536K, 0% used [0x00000000d6b80000,0x00000000d6b80000,0x00000000d6d00000)
 ParOldGen       total 68608K, used 39220K [0x0000000080000000, 0x0000000084300000, 0x00000000d5580000)
  object space 68608K, 57% used [0x0000000080000000,0x000000008264d178,0x0000000084300000)
 Metaspace       used 45799K, committed 47040K, reserved 1114112K
  class space    used 4809K, committed 5376K, reserved 1048576K
}
Event: 10.364 GC heap before
{Heap before GC invocations=29 (full 2):
 PSYoungGen      total 22016K, used 21920K [0x00000000d5580000, 0x00000000d6e80000, 0x0000000100000000)
  eden space 21504K, 100% used [0x00000000d5580000,0x00000000d6a80000,0x00000000d6a80000)
  from space 512K, 81% used [0x00000000d6e00000,0x00000000d6e68000,0x00000000d6e80000)
  to   space 1536K, 0% used [0x00000000d6b80000,0x00000000d6b80000,0x00000000d6d00000)
 ParOldGen       total 68608K, used 39220K [0x0000000080000000, 0x0000000084300000, 0x00000000d5580000)
  object space 68608K, 57% used [0x0000000080000000,0x000000008264d178,0x0000000084300000)
 Metaspace       used 47447K, committed 48768K, reserved 1114112K
  class space    used 5014K, committed 5632K, reserved 1048576K
}
Event: 10.365 GC heap after
{Heap after GC invocations=29 (full 2):
 PSYoungGen      total 23040K, used 704K [0x00000000d5580000, 0x00000000d6e80000, 0x0000000100000000)
  eden space 21504K, 0% used [0x00000000d5580000,0x00000000d5580000,0x00000000d6a80000)
  from space 1536K, 45% used [0x00000000d6b80000,0x00000000d6c30010,0x00000000d6d00000)
  to   space 1024K, 0% used [0x00000000d6d80000,0x00000000d6d80000,0x00000000d6e80000)
 ParOldGen       total 68608K, used 39340K [0x0000000080000000, 0x0000000084300000, 0x00000000d5580000)
  object space 68608K, 57% used [0x0000000080000000,0x000000008266b178,0x0000000084300000)
 Metaspace       used 47447K, committed 48768K, reserved 1114112K
  class space    used 5014K, committed 5632K, reserved 1048576K
}
Event: 10.810 GC heap before
{Heap before GC invocations=30 (full 2):
 PSYoungGen      total 23040K, used 22208K [0x00000000d5580000, 0x00000000d6e80000, 0x0000000100000000)
  eden space 21504K, 100% used [0x00000000d5580000,0x00000000d6a80000,0x00000000d6a80000)
  from space 1536K, 45% used [0x00000000d6b80000,0x00000000d6c30010,0x00000000d6d00000)
  to   space 1024K, 0% used [0x00000000d6d80000,0x00000000d6d80000,0x00000000d6e80000)
 ParOldGen       total 68608K, used 39340K [0x0000000080000000, 0x0000000084300000, 0x00000000d5580000)
  object space 68608K, 57% used [0x0000000080000000,0x000000008266b178,0x0000000084300000)
 Metaspace       used 49167K, committed 50432K, reserved 1114112K
  class space    used 5210K, committed 5824K, reserved 1048576K
}
Event: 10.811 GC heap after
{Heap after GC invocations=30 (full 2):
 PSYoungGen      total 22528K, used 969K [0x00000000d5580000, 0x00000000d6e80000, 0x0000000100000000)
  eden space 21504K, 0% used [0x00000000d5580000,0x00000000d5580000,0x00000000d6a80000)
  from space 1024K, 94% used [0x00000000d6d80000,0x00000000d6e72460,0x00000000d6e80000)
  to   space 1024K, 0% used [0x00000000d6c80000,0x00000000d6c80000,0x00000000d6d80000)
 ParOldGen       total 68608K, used 39732K [0x0000000080000000, 0x0000000084300000, 0x00000000d5580000)
  object space 68608K, 57% used [0x0000000080000000,0x00000000826cd178,0x0000000084300000)
 Metaspace       used 49167K, committed 50432K, reserved 1114112K
  class space    used 5210K, committed 5824K, reserved 1048576K
}
Event: 11.127 GC heap before
{Heap before GC invocations=31 (full 2):
 PSYoungGen      total 22528K, used 22473K [0x00000000d5580000, 0x00000000d6e80000, 0x0000000100000000)
  eden space 21504K, 100% used [0x00000000d5580000,0x00000000d6a80000,0x00000000d6a80000)
  from space 1024K, 94% used [0x00000000d6d80000,0x00000000d6e72460,0x00000000d6e80000)
  to   space 1024K, 0% used [0x00000000d6c80000,0x00000000d6c80000,0x00000000d6d80000)
 ParOldGen       total 68608K, used 39732K [0x0000000080000000, 0x0000000084300000, 0x00000000d5580000)
  object space 68608K, 57% used [0x0000000080000000,0x00000000826cd178,0x0000000084300000)
 Metaspace       used 50580K, committed 51840K, reserved 1114112K
  class space    used 5353K, committed 5952K, reserved 1048576K
}
Event: 11.131 GC heap after
{Heap after GC invocations=31 (full 2):
 PSYoungGen      total 22528K, used 1014K [0x00000000d5580000, 0x00000000d7c80000, 0x0000000100000000)
  eden space 21504K, 0% used [0x00000000d5580000,0x00000000d5580000,0x00000000d6a80000)
  from space 1024K, 99% used [0x00000000d6c80000,0x00000000d6d7d968,0x00000000d6d80000)
  to   space 9216K, 0% used [0x00000000d7380000,0x00000000d7380000,0x00000000d7c80000)
 ParOldGen       total 68608K, used 46685K [0x0000000080000000, 0x0000000084300000, 0x00000000d5580000)
  object space 68608K, 68% used [0x0000000080000000,0x0000000082d97550,0x0000000084300000)
 Metaspace       used 50580K, committed 51840K, reserved 1114112K
  class space    used 5353K, committed 5952K, reserved 1048576K
}
Event: 11.363 GC heap before
{Heap before GC invocations=32 (full 2):
 PSYoungGen      total 22528K, used 22518K [0x00000000d5580000, 0x00000000d7c80000, 0x0000000100000000)
  eden space 21504K, 100% used [0x00000000d5580000,0x00000000d6a80000,0x00000000d6a80000)
  from space 1024K, 99% used [0x00000000d6c80000,0x00000000d6d7d968,0x00000000d6d80000)
  to   space 9216K, 0% used [0x00000000d7380000,0x00000000d7380000,0x00000000d7c80000)
 ParOldGen       total 68608K, used 46685K [0x0000000080000000, 0x0000000084300000, 0x00000000d5580000)
  object space 68608K, 68% used [0x0000000080000000,0x0000000082d97550,0x0000000084300000)
 Metaspace       used 51282K, committed 52608K, reserved 1114112K
  class space    used 5436K, committed 6016K, reserved 1048576K
}
Event: 11.366 GC heap after
{Heap after GC invocations=32 (full 2):
 PSYoungGen      total 24576K, used 2660K [0x00000000d5580000, 0x00000000d7680000, 0x0000000100000000)
  eden space 21504K, 0% used [0x00000000d5580000,0x00000000d5580000,0x00000000d6a80000)
  from space 3072K, 86% used [0x00000000d7380000,0x00000000d7619130,0x00000000d7680000)
  to   space 4608K, 0% used [0x00000000d6d80000,0x00000000d6d80000,0x00000000d7200000)
 ParOldGen       total 68608K, used 47723K [0x0000000080000000, 0x0000000084300000, 0x00000000d5580000)
  object space 68608K, 69% used [0x0000000080000000,0x0000000082e9ac88,0x0000000084300000)
 Metaspace       used 51282K, committed 52608K, reserved 1114112K
  class space    used 5436K, committed 6016K, reserved 1048576K
}
Event: 11.442 GC heap before
{Heap before GC invocations=33 (full 2):
 PSYoungGen      total 24576K, used 24164K [0x00000000d5580000, 0x00000000d7680000, 0x0000000100000000)
  eden space 21504K, 100% used [0x00000000d5580000,0x00000000d6a80000,0x00000000d6a80000)
  from space 3072K, 86% used [0x00000000d7380000,0x00000000d7619130,0x00000000d7680000)
  to   space 4608K, 0% used [0x00000000d6d80000,0x00000000d6d80000,0x00000000d7200000)
 ParOldGen       total 68608K, used 47723K [0x0000000080000000, 0x0000000084300000, 0x00000000d5580000)
  object space 68608K, 69% used [0x0000000080000000,0x0000000082e9ac88,0x0000000084300000)
 Metaspace       used 51502K, committed 52800K, reserved 1114112K
  class space    used 5456K, committed 6080K, reserved 1048576K
}
Event: 11.445 GC heap after
{Heap after GC invocations=33 (full 2):
 PSYoungGen      total 26112K, used 843K [0x00000000d5580000, 0x00000000d7400000, 0x0000000100000000)
  eden space 21504K, 0% used [0x00000000d5580000,0x00000000d5580000,0x00000000d6a80000)
  from space 4608K, 18% used [0x00000000d6d80000,0x00000000d6e52c98,0x00000000d7200000)
  to   space 2048K, 0% used [0x00000000d7200000,0x00000000d7200000,0x00000000d7400000)
 ParOldGen       total 68608K, used 50250K [0x0000000080000000, 0x0000000084300000, 0x00000000d5580000)
  object space 68608K, 73% used [0x0000000080000000,0x0000000083112988,0x0000000084300000)
 Metaspace       used 51502K, committed 52800K, reserved 1114112K
  class space    used 5456K, committed 6080K, reserved 1048576K
}
Event: 11.505 GC heap before
{Heap before GC invocations=34 (full 2):
 PSYoungGen      total 26112K, used 22347K [0x00000000d5580000, 0x00000000d7400000, 0x0000000100000000)
  eden space 21504K, 100% used [0x00000000d5580000,0x00000000d6a80000,0x00000000d6a80000)
  from space 4608K, 18% used [0x00000000d6d80000,0x00000000d6e52c98,0x00000000d7200000)
  to   space 2048K, 0% used [0x00000000d7200000,0x00000000d7200000,0x00000000d7400000)
 ParOldGen       total 68608K, used 50250K [0x0000000080000000, 0x0000000084300000, 0x00000000d5580000)
  object space 68608K, 73% used [0x0000000080000000,0x0000000083112988,0x0000000084300000)
 Metaspace       used 51662K, committed 52992K, reserved 1114112K
  class space    used 5467K, committed 6080K, reserved 1048576K
}
Event: 11.506 GC heap after
{Heap after GC invocations=34 (full 2):
 PSYoungGen      total 23040K, used 1171K [0x00000000d5580000, 0x00000000d7380000, 0x0000000100000000)
  eden space 21504K, 0% used [0x00000000d5580000,0x00000000d5580000,0x00000000d6a80000)
  from space 1536K, 76% used [0x00000000d7200000,0x00000000d7324d18,0x00000000d7380000)
  to   space 1536K, 0% used [0x00000000d7080000,0x00000000d7080000,0x00000000d7200000)
 ParOldGen       total 68608K, used 50867K [0x0000000080000000, 0x0000000084300000, 0x00000000d5580000)
  object space 68608K, 74% used [0x0000000080000000,0x00000000831acf38,0x0000000084300000)
 Metaspace       used 51662K, committed 52992K, reserved 1114112K
  class space    used 5467K, committed 6080K, reserved 1048576K
}
Event: 11.694 GC heap before
{Heap before GC invocations=35 (full 2):
 PSYoungGen      total 23040K, used 22675K [0x00000000d5580000, 0x00000000d7380000, 0x0000000100000000)
  eden space 21504K, 100% used [0x00000000d5580000,0x00000000d6a80000,0x00000000d6a80000)
  from space 1536K, 76% used [0x00000000d7200000,0x00000000d7324d18,0x00000000d7380000)
  to   space 1536K, 0% used [0x00000000d7080000,0x00000000d7080000,0x00000000d7200000)
 ParOldGen       total 68608K, used 50867K [0x0000000080000000, 0x0000000084300000, 0x00000000d5580000)
  object space 68608K, 74% used [0x0000000080000000,0x00000000831acf38,0x0000000084300000)
 Metaspace       used 52358K, committed 53760K, reserved 1114112K
  class space    used 5533K, committed 6208K, reserved 1048576K
}
Event: 11.698 GC heap after
{Heap after GC invocations=35 (full 2):
 PSYoungGen      total 23040K, used 1511K [0x00000000d5580000, 0x00000000d7280000, 0x0000000100000000)
  eden space 21504K, 0% used [0x00000000d5580000,0x00000000d5580000,0x00000000d6a80000)
  from space 1536K, 98% used [0x00000000d7080000,0x00000000d71f9ec8,0x00000000d7200000)
  to   space 512K, 0% used [0x00000000d7200000,0x00000000d7200000,0x00000000d7280000)
 ParOldGen       total 68608K, used 52897K [0x0000000080000000, 0x0000000084300000, 0x00000000d5580000)
  object space 68608K, 77% used [0x0000000080000000,0x00000000833a86a0,0x0000000084300000)
 Metaspace       used 52358K, committed 53760K, reserved 1114112K
  class space    used 5533K, committed 6208K, reserved 1048576K
}
Event: 12.101 GC heap before
{Heap before GC invocations=36 (full 2):
 PSYoungGen      total 23040K, used 23015K [0x00000000d5580000, 0x00000000d7280000, 0x0000000100000000)
  eden space 21504K, 100% used [0x00000000d5580000,0x00000000d6a80000,0x00000000d6a80000)
  from space 1536K, 98% used [0x00000000d7080000,0x00000000d71f9ec8,0x00000000d7200000)
  to   space 512K, 0% used [0x00000000d7200000,0x00000000d7200000,0x00000000d7280000)
 ParOldGen       total 68608K, used 52897K [0x0000000080000000, 0x0000000084300000, 0x00000000d5580000)
  object space 68608K, 77% used [0x0000000080000000,0x00000000833a86a0,0x0000000084300000)
 Metaspace       used 53800K, committed 55232K, reserved 1114112K
  class space    used 5695K, committed 6400K, reserved 1048576K
}
Event: 12.104 GC heap after
{Heap after GC invocations=36 (full 2):
 PSYoungGen      total 22016K, used 480K [0x00000000d5580000, 0x00000000d7580000, 0x0000000100000000)
  eden space 21504K, 0% used [0x00000000d5580000,0x00000000d5580000,0x00000000d6a80000)
  from space 512K, 93% used [0x00000000d7200000,0x00000000d7278078,0x00000000d7280000)
  to   space 5632K, 0% used [0x00000000d6a80000,0x00000000d6a80000,0x00000000d7000000)
 ParOldGen       total 68608K, used 57274K [0x0000000080000000, 0x0000000084300000, 0x00000000d5580000)
  object space 68608K, 83% used [0x0000000080000000,0x00000000837eeb80,0x0000000084300000)
 Metaspace       used 53800K, committed 55232K, reserved 1114112K
  class space    used 5695K, committed 6400K, reserved 1048576K
}

