# JRE version: OpenJDK Runtime Environment Temurin-21.0.10+7 (21.0.10+7) (build 21.0.10+7-LTS)
# Java VM: OpenJDK 64-Bit Server VM Temurin-21.0.10+7 (21.0.10+7-LTS, mixed mode, sharing, tiered, compressed oops, compressed class ptrs, parallel gc, windows-amd64)
GC Precious Log:
 CardTable entry size: 512
 CPUs: 16 total, 16 available
 Memory: 16052M
 Large Page Support: Disabled
 NUMA Support: Disabled
 Compressed Oops: Enabled (32-bit)
 Alignments: Space 512K, Generation 512K, Heap 2M
 Heap Min Capacity: 100M
 Heap Initial Capacity: 100M
 Heap Max Capacity: 2G
 Pre-touch: Disabled
 Parallel Workers: 13
Heap:
 PSYoungGen      total 4608K, used 4439K [0x00000000d5580000, 0x00000000d5c00000, 0x0000000100000000)
  eden space 3584K, 95% used [0x00000000d5580000,0x00000000d58d5cc0,0x00000000d5900000)
  from space 1024K, 100% used [0x00000000d5900000,0x00000000d5a00000,0x00000000d5a00000)
  to   space 1536K, 0% used [0x00000000d5a80000,0x00000000d5a80000,0x00000000d5c00000)
 ParOldGen       total 560128K, used 489879K [0x0000000080000000, 0x00000000a2300000, 0x00000000d5580000)
  object space 560128K, 87% used [0x0000000080000000,0x000000009de65db0,0x00000000a2300000)
 Metaspace       used 102103K, committed 104000K, reserved 1179648K
  class space    used 10424K, committed 11392K, reserved 1048576K
GC Heap History (20 events):
Event: 3017.571 GC heap before
{Heap before GC invocations=2112 (full 6):
 PSYoungGen      total 5632K, used 4385K [0x00000000d5580000, 0x00000000d5c80000, 0x0000000100000000)
  eden space 4096K, 100% used [0x00000000d5580000,0x00000000d5980000,0x00000000d5980000)
  from space 1536K, 18% used [0x00000000d5980000,0x00000000d59c8678,0x00000000d5b00000)
  to   space 1024K, 0% used [0x00000000d5b80000,0x00000000d5b80000,0x00000000d5c80000)
 ParOldGen       total 560128K, used 484062K [0x0000000080000000, 0x00000000a2300000, 0x00000000d5580000)
  object space 560128K, 86% used [0x0000000080000000,0x000000009d8b7a48,0x00000000a2300000)
 Metaspace       used 102036K, committed 103936K, reserved 1179648K
  class space    used 10411K, committed 11392K, reserved 1048576K
}
Event: 3017.573 GC heap after
{Heap after GC invocations=2112 (full 6):
 PSYoungGen      total 5120K, used 1008K [0x00000000d5580000, 0x00000000d5e80000, 0x0000000100000000)
  eden space 4096K, 0% used [0x00000000d5580000,0x00000000d5580000,0x00000000d5980000)
  from space 1024K, 98% used [0x00000000d5b80000,0x00000000d5c7c010,0x00000000d5c80000)
  to   space 2048K, 0% used [0x00000000d5980000,0x00000000d5980000,0x00000000d5b80000)
 ParOldGen       total 560128K, used 484496K [0x0000000080000000, 0x00000000a2300000, 0x00000000d5580000)
  object space 560128K, 86% used [0x0000000080000000,0x000000009d9240d0,0x00000000a2300000)
 Metaspace       used 102036K, committed 103936K, reserved 1179648K
  class space    used 10411K, committed 11392K, reserved 1048576K
}
Event: 3017.587 GC heap before
{Heap before GC invocations=2113 (full 6):
 PSYoungGen      total 5120K, used 5104K [0x00000000d5580000, 0x00000000d5e80000, 0x0000000100000000)
  eden space 4096K, 100% used [0x00000000d5580000,0x00000000d5980000,0x00000000d5980000)
  from space 1024K, 98% used [0x00000000d5b80000,0x00000000d5c7c010,0x00000000d5c80000)
  to   space 2048K, 0% used [0x00000000d5980000,0x00000000d5980000,0x00000000d5b80000)
 ParOldGen       total 560128K, used 484496K [0x0000000080000000, 0x00000000a2300000, 0x00000000d5580000)
  object space 560128K, 86% used [0x0000000080000000,0x000000009d9240d0,0x00000000a2300000)
 Metaspace       used 102037K, committed 103936K, reserved 1179648K
  class space    used 10411K, committed 11392K, reserved 1048576K
}
Event: 3017.589 GC heap after
{Heap after GC invocations=2113 (full 6):
 PSYoungGen      total 5120K, used 1024K [0x00000000d5580000, 0x00000000d5c80000, 0x0000000100000000)
  eden space 4096K, 0% used [0x00000000d5580000,0x00000000d5580000,0x00000000d5980000)
  from space 1024K, 100% used [0x00000000d5980000,0x00000000d5a80000,0x00000000d5a80000)
  to   space 1536K, 0% used [0x00000000d5b00000,0x00000000d5b00000,0x00000000d5c80000)
 ParOldGen       total 560128K, used 485495K [0x0000000080000000, 0x00000000a2300000, 0x00000000d5580000)
  object space 560128K, 86% used [0x0000000080000000,0x000000009da1dc40,0x00000000a2300000)
 Metaspace       used 102037K, committed 103936K, reserved 1179648K
  class space    used 10411K, committed 11392K, reserved 1048576K
}
Event: 3017.833 GC heap before
{Heap before GC invocations=2114 (full 6):
 PSYoungGen      total 5120K, used 5120K [0x00000000d5580000, 0x00000000d5c80000, 0x0000000100000000)
  eden space 4096K, 100% used [0x00000000d5580000,0x00000000d5980000,0x00000000d5980000)
  from space 1024K, 100% used [0x00000000d5980000,0x00000000d5a80000,0x00000000d5a80000)
  to   space 1536K, 0% used [0x00000000d5b00000,0x00000000d5b00000,0x00000000d5c80000)
 ParOldGen       total 560128K, used 485495K [0x0000000080000000, 0x00000000a2300000, 0x00000000d5580000)
  object space 560128K, 86% used [0x0000000080000000,0x000000009da1dc40,0x00000000a2300000)
 Metaspace       used 102037K, committed 103936K, reserved 1179648K
  class space    used 10411K, committed 11392K, reserved 1048576K
}
Event: 3017.834 GC heap after
{Heap after GC invocations=2114 (full 6):
 PSYoungGen      total 5120K, used 576K [0x00000000d5580000, 0x00000000d5c00000, 0x0000000100000000)
  eden space 4096K, 0% used [0x00000000d5580000,0x00000000d5580000,0x00000000d5980000)
  from space 1024K, 56% used [0x00000000d5b00000,0x00000000d5b90000,0x00000000d5c00000)
  to   space 1024K, 0% used [0x00000000d5980000,0x00000000d5980000,0x00000000d5a80000)
 ParOldGen       total 560128K, used 486260K [0x0000000080000000, 0x00000000a2300000, 0x00000000d5580000)
  object space 560128K, 86% used [0x0000000080000000,0x000000009dadd2d0,0x00000000a2300000)
 Metaspace       used 102037K, committed 103936K, reserved 1179648K
  class space    used 10411K, committed 11392K, reserved 1048576K
}
Event: 3018.012 GC heap before
{Heap before GC invocations=2115 (full 6):
 PSYoungGen      total 5120K, used 4672K [0x00000000d5580000, 0x00000000d5c00000, 0x0000000100000000)
  eden space 4096K, 100% used [0x00000000d5580000,0x00000000d5980000,0x00000000d5980000)
  from space 1024K, 56% used [0x00000000d5b00000,0x00000000d5b90000,0x00000000d5c00000)
  to   space 1024K, 0% used [0x00000000d5980000,0x00000000d5980000,0x00000000d5a80000)
 ParOldGen       total 560128K, used 486260K [0x0000000080000000, 0x00000000a2300000, 0x00000000d5580000)
  object space 560128K, 86% used [0x0000000080000000,0x000000009dadd2d0,0x00000000a2300000)
 Metaspace       used 102038K, committed 103936K, reserved 1179648K
  class space    used 10411K, committed 11392K, reserved 1048576K
}
Event: 3018.014 GC heap after
{Heap after GC invocations=2115 (full 6):
 PSYoungGen      total 5120K, used 384K [0x00000000d5580000, 0x00000000d5b80000, 0x0000000100000000)
  eden space 4096K, 0% used [0x00000000d5580000,0x00000000d5580000,0x00000000d5980000)
  from space 1024K, 37% used [0x00000000d5980000,0x00000000d59e0000,0x00000000d5a80000)
  to   space 512K, 0% used [0x00000000d5b00000,0x00000000d5b00000,0x00000000d5b80000)
 ParOldGen       total 560128K, used 486670K [0x0000000080000000, 0x00000000a2300000, 0x00000000d5580000)
  object space 560128K, 86% used [0x0000000080000000,0x000000009db43948,0x00000000a2300000)
 Metaspace       used 102038K, committed 103936K, reserved 1179648K
  class space    used 10411K, committed 11392K, reserved 1048576K
}
Event: 3018.025 GC heap before
{Heap before GC invocations=2116 (full 6):
 PSYoungGen      total 5120K, used 4480K [0x00000000d5580000, 0x00000000d5b80000, 0x0000000100000000)
  eden space 4096K, 100% used [0x00000000d5580000,0x00000000d5980000,0x00000000d5980000)
  from space 1024K, 37% used [0x00000000d5980000,0x00000000d59e0000,0x00000000d5a80000)
  to   space 512K, 0% used [0x00000000d5b00000,0x00000000d5b00000,0x00000000d5b80000)
 ParOldGen       total 560128K, used 486670K [0x0000000080000000, 0x00000000a2300000, 0x00000000d5580000)
  object space 560128K, 86% used [0x0000000080000000,0x000000009db43948,0x00000000a2300000)
 Metaspace       used 102038K, committed 103936K, reserved 1179648K
  class space    used 10411K, committed 11392K, reserved 1048576K
}
Event: 3018.027 GC heap after
{Heap after GC invocations=2116 (full 6):
 PSYoungGen      total 4096K, used 512K [0x00000000d5580000, 0x00000000d5d80000, 0x0000000100000000)
  eden space 3584K, 0% used [0x00000000d5580000,0x00000000d5580000,0x00000000d5900000)
  from space 512K, 100% used [0x00000000d5b00000,0x00000000d5b80000,0x00000000d5b80000)
  to   space 2048K, 0% used [0x00000000d5900000,0x00000000d5900000,0x00000000d5b00000)
 ParOldGen       total 560128K, used 487834K [0x0000000080000000, 0x00000000a2300000, 0x00000000d5580000)
  object space 560128K, 87% used [0x0000000080000000,0x000000009dc668e0,0x00000000a2300000)
 Metaspace       used 102038K, committed 103936K, reserved 1179648K
  class space    used 10411K, committed 11392K, reserved 1048576K
}
Event: 3018.033 GC heap before
{Heap before GC invocations=2117 (full 6):
 PSYoungGen      total 4096K, used 4096K [0x00000000d5580000, 0x00000000d5d80000, 0x0000000100000000)
  eden space 3584K, 100% used [0x00000000d5580000,0x00000000d5900000,0x00000000d5900000)
  from space 512K, 100% used [0x00000000d5b00000,0x00000000d5b80000,0x00000000d5b80000)
  to   space 2048K, 0% used [0x00000000d5900000,0x00000000d5900000,0x00000000d5b00000)
 ParOldGen       total 560128K, used 487834K [0x0000000080000000, 0x00000000a2300000, 0x00000000d5580000)
  object space 560128K, 87% used [0x0000000080000000,0x000000009dc668e0,0x00000000a2300000)
 Metaspace       used 102038K, committed 103936K, reserved 1179648K
  class space    used 10411K, committed 11392K, reserved 1048576K
}
Event: 3018.035 GC heap after
{Heap after GC invocations=2117 (full 6):
 PSYoungGen      total 5120K, used 1424K [0x00000000d5580000, 0x00000000d5c00000, 0x0000000100000000)
  eden space 3584K, 0% used [0x00000000d5580000,0x00000000d5580000,0x00000000d5900000)
  from space 1536K, 92% used [0x00000000d5900000,0x00000000d5a64010,0x00000000d5a80000)
  to   space 1536K, 0% used [0x00000000d5a80000,0x00000000d5a80000,0x00000000d5c00000)
 ParOldGen       total 560128K, used 488394K [0x0000000080000000, 0x00000000a2300000, 0x00000000d5580000)
  object space 560128K, 87% used [0x0000000080000000,0x000000009dcf28e0,0x00000000a2300000)
 Metaspace       used 102038K, committed 103936K, reserved 1179648K
  class space    used 10411K, committed 11392K, reserved 1048576K
}
Event: 3018.585 GC heap before
{Heap before GC invocations=2118 (full 6):
 PSYoungGen      total 5120K, used 5008K [0x00000000d5580000, 0x00000000d5c00000, 0x0000000100000000)
  eden space 3584K, 100% used [0x00000000d5580000,0x00000000d5900000,0x00000000d5900000)
  from space 1536K, 92% used [0x00000000d5900000,0x00000000d5a64010,0x00000000d5a80000)
  to   space 1536K, 0% used [0x00000000d5a80000,0x00000000d5a80000,0x00000000d5c00000)
 ParOldGen       total 560128K, used 488394K [0x0000000080000000, 0x00000000a2300000, 0x00000000d5580000)
  object space 560128K, 87% used [0x0000000080000000,0x000000009dcf28e0,0x00000000a2300000)
 Metaspace       used 102088K, committed 104000K, reserved 1179648K
  class space    used 10423K, committed 11392K, reserved 1048576K
}
Event: 3018.586 GC heap after
{Heap after GC invocations=2118 (full 6):
 PSYoungGen      total 4096K, used 369K [0x00000000d5580000, 0x00000000d5b00000, 0x0000000100000000)
  eden space 3584K, 0% used [0x00000000d5580000,0x00000000d5580000,0x00000000d5900000)
  from space 512K, 72% used [0x00000000d5a80000,0x00000000d5adc668,0x00000000d5b00000)
  to   space 1024K, 0% used [0x00000000d5900000,0x00000000d5900000,0x00000000d5a00000)
 ParOldGen       total 560128K, used 488525K [0x0000000080000000, 0x00000000a2300000, 0x00000000d5580000)
  object space 560128K, 87% used [0x0000000080000000,0x000000009dd137d0,0x00000000a2300000)
 Metaspace       used 102088K, committed 104000K, reserved 1179648K
  class space    used 10423K, committed 11392K, reserved 1048576K
}
Event: 3018.904 GC heap before
{Heap before GC invocations=2119 (full 6):
 PSYoungGen      total 4096K, used 3953K [0x00000000d5580000, 0x00000000d5b00000, 0x0000000100000000)
  eden space 3584K, 100% used [0x00000000d5580000,0x00000000d5900000,0x00000000d5900000)
  from space 512K, 72% used [0x00000000d5a80000,0x00000000d5adc668,0x00000000d5b00000)
  to   space 1024K, 0% used [0x00000000d5900000,0x00000000d5900000,0x00000000d5a00000)
 ParOldGen       total 560128K, used 488525K [0x0000000080000000, 0x00000000a2300000, 0x00000000d5580000)
  object space 560128K, 87% used [0x0000000080000000,0x000000009dd137d0,0x00000000a2300000)
 Metaspace       used 102091K, committed 104000K, reserved 1179648K
  class space    used 10423K, committed 11392K, reserved 1048576K
}
Event: 3018.905 GC heap after
{Heap after GC invocations=2119 (full 6):
 PSYoungGen      total 4608K, used 995K [0x00000000d5580000, 0x00000000d5c00000, 0x0000000100000000)
  eden space 3584K, 0% used [0x00000000d5580000,0x00000000d5580000,0x00000000d5900000)
  from space 1024K, 97% used [0x00000000d5900000,0x00000000d59f8cd0,0x00000000d5a00000)
  to   space 1536K, 0% used [0x00000000d5a80000,0x00000000d5a80000,0x00000000d5c00000)
 ParOldGen       total 560128K, used 488637K [0x0000000080000000, 0x00000000a2300000, 0x00000000d5580000)
  object space 560128K, 87% used [0x0000000080000000,0x000000009dd2f7d0,0x00000000a2300000)
 Metaspace       used 102091K, committed 104000K, reserved 1179648K
  class space    used 10423K, committed 11392K, reserved 1048576K
}
Event: 3019.258 GC heap before
{Heap before GC invocations=2120 (full 6):
 PSYoungGen      total 4608K, used 4579K [0x00000000d5580000, 0x00000000d5c00000, 0x0000000100000000)
  eden space 3584K, 100% used [0x00000000d5580000,0x00000000d5900000,0x00000000d5900000)
  from space 1024K, 97% used [0x00000000d5900000,0x00000000d59f8cd0,0x00000000d5a00000)
  to   space 1536K, 0% used [0x00000000d5a80000,0x00000000d5a80000,0x00000000d5c00000)
 ParOldGen       total 560128K, used 488637K [0x0000000080000000, 0x00000000a2300000, 0x00000000d5580000)
  object space 560128K, 87% used [0x0000000080000000,0x000000009dd2f7d0,0x00000000a2300000)
 Metaspace       used 102091K, committed 104000K, reserved 1179648K
  class space    used 10423K, committed 11392K, reserved 1048576K
}
Event: 3019.260 GC heap after
{Heap after GC invocations=2120 (full 6):
 PSYoungGen      total 4608K, used 640K [0x00000000d5580000, 0x00000000d5b80000, 0x0000000100000000)
  eden space 3584K, 0% used [0x00000000d5580000,0x00000000d5580000,0x00000000d5900000)
  from space 1024K, 62% used [0x00000000d5a80000,0x00000000d5b20000,0x00000000d5b80000)
  to   space 1024K, 0% used [0x00000000d5900000,0x00000000d5900000,0x00000000d5a00000)
 ParOldGen       total 560128K, used 489571K [0x0000000080000000, 0x00000000a2300000, 0x00000000d5580000)
  object space 560128K, 87% used [0x0000000080000000,0x000000009de18da0,0x00000000a2300000)
 Metaspace       used 102091K, committed 104000K, reserved 1179648K
  class space    used 10423K, committed 11392K, reserved 1048576K
}
Event: 3019.354 GC heap before
{Heap before GC invocations=2121 (full 6):
 PSYoungGen      total 4608K, used 4224K [0x00000000d5580000, 0x00000000d5b80000, 0x0000000100000000)
  eden space 3584K, 100% used [0x00000000d5580000,0x00000000d5900000,0x00000000d5900000)
  from space 1024K, 62% used [0x00000000d5a80000,0x00000000d5b20000,0x00000000d5b80000)
  to   space 1024K, 0% used [0x00000000d5900000,0x00000000d5900000,0x00000000d5a00000)
 ParOldGen       total 560128K, used 489571K [0x0000000080000000, 0x00000000a2300000, 0x00000000d5580000)
  object space 560128K, 87% used [0x0000000080000000,0x000000009de18da0,0x00000000a2300000)
 Metaspace       used 102091K, committed 104000K, reserved 1179648K
  class space    used 10423K, committed 11392K, reserved 1048576K
}
Event: 3019.356 GC heap after
{Heap after GC invocations=2121 (full 6):
 PSYoungGen      total 4608K, used 1024K [0x00000000d5580000, 0x00000000d5c00000, 0x0000000100000000)
  eden space 3584K, 0% used [0x00000000d5580000,0x00000000d5580000,0x00000000d5900000)
  from space 1024K, 100% used [0x00000000d5900000,0x00000000d5a00000,0x00000000d5a00000)
  to   space 1536K, 0% used [0x00000000d5a80000,0x00000000d5a80000,0x00000000d5c00000)
 ParOldGen       total 560128K, used 489879K [0x0000000080000000, 0x00000000a2300000, 0x00000000d5580000)
  object space 560128K, 87% used [0x0000000080000000,0x000000009de65db0,0x00000000a2300000)
 Metaspace       used 102091K, committed 104000K, reserved 1179648K
  class space    used 10423K, committed 11392K, reserved 1048576K
}

