# JRE version: OpenJDK Runtime Environment Temurin-21.0.10+7 (21.0.10+7) (build 21.0.10+7-LTS)
# Java VM: OpenJDK 64-Bit Server VM Temurin-21.0.10+7 (21.0.10+7-LTS, mixed mode, sharing, tiered, compressed oops, compressed class ptrs, parallel gc, windows-amd64)
GC Precious Log:
 CardTable entry size: 512
 CPUs: 16 total, 16 available
 Memory: 16052M
 Large Page Support: Disabled
 NUMA Support: Disabled
 Compressed Oops: Enabled (32-bit)
 Alignments: Space 512K, Generation 512K, Heap 2M
 Heap Min Capacity: 100M
 Heap Initial Capacity: 100M
 Heap Max Capacity: 2G
 Pre-touch: Disabled
 Parallel Workers: 13
Heap:
 PSYoungGen      total 2560K, used 2160K [0x00000000d5580000, 0x00000000d5980000, 0x0000000100000000)
  eden space 2048K, 93% used [0x00000000d5580000,0x00000000d575c3d8,0x00000000d5780000)
  from space 512K, 50% used [0x00000000d5880000,0x00000000d58c0000,0x00000000d5900000)
  to   space 512K, 0% used [0x00000000d5900000,0x00000000d5900000,0x00000000d5980000)
 ParOldGen       total 747520K, used 242178K [0x0000000080000000, 0x00000000ada00000, 0x00000000d5580000)
  object space 747520K, 32% used [0x0000000080000000,0x000000008ec80810,0x00000000ada00000)
 Metaspace       used 101164K, committed 102912K, reserved 1179648K
  class space    used 10295K, committed 11136K, reserved 1048576K
GC Heap History (20 events):
Event: 9830.940 GC heap before
{Heap before GC invocations=3024 (full 6):
 PSYoungGen      total 1024K, used 928K [0x00000000d5580000, 0x00000000d5a80000, 0x0000000100000000)
  eden space 512K, 100% used [0x00000000d5580000,0x00000000d5600000,0x00000000d5600000)
  from space 512K, 81% used [0x00000000d5600000,0x00000000d5668000,0x00000000d5680000)
  to   space 1536K, 0% used [0x00000000d5900000,0x00000000d5900000,0x00000000d5a80000)
 ParOldGen       total 747520K, used 236117K [0x0000000080000000, 0x00000000ada00000, 0x00000000d5580000)
  object space 747520K, 31% used [0x0000000080000000,0x000000008e695480,0x00000000ada00000)
 Metaspace       used 101150K, committed 102912K, reserved 1179648K
  class space    used 10294K, committed 11136K, reserved 1048576K
}
Event: 9830.941 GC heap after
{Heap after GC invocations=3024 (full 6):
 PSYoungGen      total 2048K, used 524K [0x00000000d5580000, 0x00000000d5a00000, 0x0000000100000000)
  eden space 1024K, 0% used [0x00000000d5580000,0x00000000d5580000,0x00000000d5680000)
  from space 1024K, 51% used [0x00000000d5900000,0x00000000d5983090,0x00000000d5a00000)
  to   space 1024K, 0% used [0x00000000d5800000,0x00000000d5800000,0x00000000d5900000)
 ParOldGen       total 747520K, used 236437K [0x0000000080000000, 0x00000000ada00000, 0x00000000d5580000)
  object space 747520K, 31% used [0x0000000080000000,0x000000008e6e5480,0x00000000ada00000)
 Metaspace       used 101150K, committed 102912K, reserved 1179648K
  class space    used 10294K, committed 11136K, reserved 1048576K
}
Event: 9830.943 GC heap before
{Heap before GC invocations=3025 (full 6):
 PSYoungGen      total 2048K, used 1548K [0x00000000d5580000, 0x00000000d5a00000, 0x0000000100000000)
  eden space 1024K, 100% used [0x00000000d5580000,0x00000000d5680000,0x00000000d5680000)
  from space 1024K, 51% used [0x00000000d5900000,0x00000000d5983090,0x00000000d5a00000)
  to   space 1024K, 0% used [0x00000000d5800000,0x00000000d5800000,0x00000000d5900000)
 ParOldGen       total 747520K, used 236437K [0x0000000080000000, 0x00000000ada00000, 0x00000000d5580000)
  object space 747520K, 31% used [0x0000000080000000,0x000000008e6e5480,0x00000000ada00000)
 Metaspace       used 101150K, committed 102912K, reserved 1179648K
  class space    used 10294K, committed 11136K, reserved 1048576K
}
Event: 9830.945 GC heap after
{Heap after GC invocations=3025 (full 6):
 PSYoungGen      total 2560K, used 1024K [0x00000000d5580000, 0x00000000d5b00000, 0x0000000100000000)
  eden space 1536K, 0% used [0x00000000d5580000,0x00000000d5580000,0x00000000d5700000)
  from space 1024K, 100% used [0x00000000d5800000,0x00000000d5900000,0x00000000d5900000)
  to   space 2048K, 0% used [0x00000000d5900000,0x00000000d5900000,0x00000000d5b00000)
 ParOldGen       total 747520K, used 236969K [0x0000000080000000, 0x00000000ada00000, 0x00000000d5580000)
  object space 747520K, 31% used [0x0000000080000000,0x000000008e76a510,0x00000000ada00000)
 Metaspace       used 101150K, committed 102912K, reserved 1179648K
  class space    used 10294K, committed 11136K, reserved 1048576K
}
Event: 9830.947 GC heap before
{Heap before GC invocations=3026 (full 6):
 PSYoungGen      total 2560K, used 2560K [0x00000000d5580000, 0x00000000d5b00000, 0x0000000100000000)
  eden space 1536K, 100% used [0x00000000d5580000,0x00000000d5700000,0x00000000d5700000)
  from space 1024K, 100% used [0x00000000d5800000,0x00000000d5900000,0x00000000d5900000)
  to   space 2048K, 0% used [0x00000000d5900000,0x00000000d5900000,0x00000000d5b00000)
 ParOldGen       total 747520K, used 236969K [0x0000000080000000, 0x00000000ada00000, 0x00000000d5580000)
  object space 747520K, 31% used [0x0000000080000000,0x000000008e76a510,0x00000000ada00000)
 Metaspace       used 101150K, committed 102912K, reserved 1179648K
  class space    used 10294K, committed 11136K, reserved 1048576K
}
Event: 9830.949 GC heap after
{Heap after GC invocations=3026 (full 6):
 PSYoungGen      total 3584K, used 1664K [0x00000000d5580000, 0x00000000d5b80000, 0x0000000100000000)
  eden space 1536K, 0% used [0x00000000d5580000,0x00000000d5580000,0x00000000d5700000)
  from space 2048K, 81% used [0x00000000d5900000,0x00000000d5aa0000,0x00000000d5b00000)
  to   space 2048K, 0% used [0x00000000d5700000,0x00000000d5700000,0x00000000d5900000)
 ParOldGen       total 747520K, used 238025K [0x0000000080000000, 0x00000000ada00000, 0x00000000d5580000)
  object space 747520K, 31% used [0x0000000080000000,0x000000008e872510,0x00000000ada00000)
 Metaspace       used 101150K, committed 102912K, reserved 1179648K
  class space    used 10294K, committed 11136K, reserved 1048576K
}
Event: 9831.271 GC heap before
{Heap before GC invocations=3027 (full 6):
 PSYoungGen      total 3584K, used 3200K [0x00000000d5580000, 0x00000000d5b80000, 0x0000000100000000)
  eden space 1536K, 100% used [0x00000000d5580000,0x00000000d5700000,0x00000000d5700000)
  from space 2048K, 81% used [0x00000000d5900000,0x00000000d5aa0000,0x00000000d5b00000)
  to   space 2048K, 0% used [0x00000000d5700000,0x00000000d5700000,0x00000000d5900000)
 ParOldGen       total 747520K, used 238025K [0x0000000080000000, 0x00000000ada00000, 0x00000000d5580000)
  object space 747520K, 31% used [0x0000000080000000,0x000000008e872510,0x00000000ada00000)
 Metaspace       used 101150K, committed 102912K, reserved 1179648K
  class space    used 10294K, committed 11136K, reserved 1048576K
}
Event: 9831.273 GC heap after
{Heap after GC invocations=3027 (full 6):
 PSYoungGen      total 3584K, used 1056K [0x00000000d5580000, 0x00000000d5a80000, 0x0000000100000000)
  eden space 1536K, 0% used [0x00000000d5580000,0x00000000d5580000,0x00000000d5700000)
  from space 2048K, 51% used [0x00000000d5700000,0x00000000d5808000,0x00000000d5900000)
  to   space 1536K, 0% used [0x00000000d5900000,0x00000000d5900000,0x00000000d5a80000)
 ParOldGen       total 747520K, used 239601K [0x0000000080000000, 0x00000000ada00000, 0x00000000d5580000)
  object space 747520K, 32% used [0x0000000080000000,0x000000008e9fc510,0x00000000ada00000)
 Metaspace       used 101150K, committed 102912K, reserved 1179648K
  class space    used 10294K, committed 11136K, reserved 1048576K
}
Event: 9831.281 GC heap before
{Heap before GC invocations=3028 (full 6):
 PSYoungGen      total 3584K, used 2592K [0x00000000d5580000, 0x00000000d5a80000, 0x0000000100000000)
  eden space 1536K, 100% used [0x00000000d5580000,0x00000000d5700000,0x00000000d5700000)
  from space 2048K, 51% used [0x00000000d5700000,0x00000000d5808000,0x00000000d5900000)
  to   space 1536K, 0% used [0x00000000d5900000,0x00000000d5900000,0x00000000d5a80000)
 ParOldGen       total 747520K, used 239601K [0x0000000080000000, 0x00000000ada00000, 0x00000000d5580000)
  object space 747520K, 32% used [0x0000000080000000,0x000000008e9fc510,0x00000000ada00000)
 Metaspace       used 101150K, committed 102912K, reserved 1179648K
  class space    used 10294K, committed 11136K, reserved 1048576K
}
Event: 9831.283 GC heap after
{Heap after GC invocations=3028 (full 6):
 PSYoungGen      total 2560K, used 256K [0x00000000d5580000, 0x00000000d5980000, 0x0000000100000000)
  eden space 2048K, 0% used [0x00000000d5580000,0x00000000d5580000,0x00000000d5780000)
  from space 512K, 50% used [0x00000000d5900000,0x00000000d5940000,0x00000000d5980000)
  to   space 1024K, 0% used [0x00000000d5780000,0x00000000d5780000,0x00000000d5880000)
 ParOldGen       total 747520K, used 240337K [0x0000000080000000, 0x00000000ada00000, 0x00000000d5580000)
  object space 747520K, 32% used [0x0000000080000000,0x000000008eab4510,0x00000000ada00000)
 Metaspace       used 101150K, committed 102912K, reserved 1179648K
  class space    used 10294K, committed 11136K, reserved 1048576K
}
Event: 9831.290 GC heap before
{Heap before GC invocations=3029 (full 6):
 PSYoungGen      total 2560K, used 2257K [0x00000000d5580000, 0x00000000d5980000, 0x0000000100000000)
  eden space 2048K, 97% used [0x00000000d5580000,0x00000000d57746f8,0x00000000d5780000)
  from space 512K, 50% used [0x00000000d5900000,0x00000000d5940000,0x00000000d5980000)
  to   space 1024K, 0% used [0x00000000d5780000,0x00000000d5780000,0x00000000d5880000)
 ParOldGen       total 747520K, used 240337K [0x0000000080000000, 0x00000000ada00000, 0x00000000d5580000)
  object space 747520K, 32% used [0x0000000080000000,0x000000008eab4510,0x00000000ada00000)
 Metaspace       used 101150K, committed 102912K, reserved 1179648K
  class space    used 10294K, committed 11136K, reserved 1048576K
}
Event: 9831.291 GC heap after
{Heap after GC invocations=3029 (full 6):
 PSYoungGen      total 3072K, used 1009K [0x00000000d5580000, 0x00000000d5b00000, 0x0000000100000000)
  eden space 2048K, 0% used [0x00000000d5580000,0x00000000d5580000,0x00000000d5780000)
  from space 1024K, 98% used [0x00000000d5780000,0x00000000d587c5b8,0x00000000d5880000)
  to   space 1536K, 0% used [0x00000000d5980000,0x00000000d5980000,0x00000000d5b00000)
 ParOldGen       total 747520K, used 240480K [0x0000000080000000, 0x00000000ada00000, 0x00000000d5580000)
  object space 747520K, 32% used [0x0000000080000000,0x000000008ead8018,0x00000000ada00000)
 Metaspace       used 101150K, committed 102912K, reserved 1179648K
  class space    used 10294K, committed 11136K, reserved 1048576K
}
Event: 9831.298 GC heap before
{Heap before GC invocations=3030 (full 6):
 PSYoungGen      total 3072K, used 3057K [0x00000000d5580000, 0x00000000d5b00000, 0x0000000100000000)
  eden space 2048K, 100% used [0x00000000d5580000,0x00000000d5780000,0x00000000d5780000)
  from space 1024K, 98% used [0x00000000d5780000,0x00000000d587c5b8,0x00000000d5880000)
  to   space 1536K, 0% used [0x00000000d5980000,0x00000000d5980000,0x00000000d5b00000)
 ParOldGen       total 747520K, used 240480K [0x0000000080000000, 0x00000000ada00000, 0x00000000d5580000)
  object space 747520K, 32% used [0x0000000080000000,0x000000008ead8018,0x00000000ada00000)
 Metaspace       used 101150K, committed 102912K, reserved 1179648K
  class space    used 10294K, committed 11136K, reserved 1048576K
}
Event: 9831.300 GC heap after
{Heap after GC invocations=3030 (full 6):
 PSYoungGen      total 3584K, used 1532K [0x00000000d5580000, 0x00000000d5c00000, 0x0000000100000000)
  eden space 2048K, 0% used [0x00000000d5580000,0x00000000d5580000,0x00000000d5780000)
  from space 1536K, 99% used [0x00000000d5980000,0x00000000d5aff1b0,0x00000000d5b00000)
  to   space 2048K, 0% used [0x00000000d5780000,0x00000000d5780000,0x00000000d5980000)
 ParOldGen       total 747520K, used 241329K [0x0000000080000000, 0x00000000ada00000, 0x00000000d5580000)
  object space 747520K, 32% used [0x0000000080000000,0x000000008ebac648,0x00000000ada00000)
 Metaspace       used 101150K, committed 102912K, reserved 1179648K
  class space    used 10294K, committed 11136K, reserved 1048576K
}
Event: 9831.310 GC heap before
{Heap before GC invocations=3031 (full 6):
 PSYoungGen      total 3584K, used 3580K [0x00000000d5580000, 0x00000000d5c00000, 0x0000000100000000)
  eden space 2048K, 100% used [0x00000000d5580000,0x00000000d5780000,0x00000000d5780000)
  from space 1536K, 99% used [0x00000000d5980000,0x00000000d5aff1b0,0x00000000d5b00000)
  to   space 2048K, 0% used [0x00000000d5780000,0x00000000d5780000,0x00000000d5980000)
 ParOldGen       total 747520K, used 241329K [0x0000000080000000, 0x00000000ada00000, 0x00000000d5580000)
  object space 747520K, 32% used [0x0000000080000000,0x000000008ebac648,0x00000000ada00000)
 Metaspace       used 101162K, committed 102912K, reserved 1179648K
  class space    used 10295K, committed 11136K, reserved 1048576K
}
Event: 9831.311 GC heap after
{Heap after GC invocations=3031 (full 6):
 PSYoungGen      total 3072K, used 576K [0x00000000d5580000, 0x00000000d5a00000, 0x0000000100000000)
  eden space 2048K, 0% used [0x00000000d5580000,0x00000000d5580000,0x00000000d5780000)
  from space 1024K, 56% used [0x00000000d5780000,0x00000000d5810000,0x00000000d5880000)
  to   space 1024K, 0% used [0x00000000d5900000,0x00000000d5900000,0x00000000d5a00000)
 ParOldGen       total 747520K, used 241865K [0x0000000080000000, 0x00000000ada00000, 0x00000000d5580000)
  object space 747520K, 32% used [0x0000000080000000,0x000000008ec32778,0x00000000ada00000)
 Metaspace       used 101162K, committed 102912K, reserved 1179648K
  class space    used 10295K, committed 11136K, reserved 1048576K
}
Event: 9832.253 GC heap before
{Heap before GC invocations=3032 (full 6):
 PSYoungGen      total 3072K, used 2624K [0x00000000d5580000, 0x00000000d5a00000, 0x0000000100000000)
  eden space 2048K, 100% used [0x00000000d5580000,0x00000000d5780000,0x00000000d5780000)
  from space 1024K, 56% used [0x00000000d5780000,0x00000000d5810000,0x00000000d5880000)
  to   space 1024K, 0% used [0x00000000d5900000,0x00000000d5900000,0x00000000d5a00000)
 ParOldGen       total 747520K, used 241865K [0x0000000080000000, 0x00000000ada00000, 0x00000000d5580000)
  object space 747520K, 32% used [0x0000000080000000,0x000000008ec32778,0x00000000ada00000)
 Metaspace       used 101162K, committed 102912K, reserved 1179648K
  class space    used 10295K, committed 11136K, reserved 1048576K
}
Event: 9832.254 GC heap after
{Heap after GC invocations=3032 (full 6):
 PSYoungGen      total 2560K, used 320K [0x00000000d5580000, 0x00000000d5980000, 0x0000000100000000)
  eden space 2048K, 0% used [0x00000000d5580000,0x00000000d5580000,0x00000000d5780000)
  from space 512K, 62% used [0x00000000d5900000,0x00000000d5950000,0x00000000d5980000)
  to   space 512K, 0% used [0x00000000d5880000,0x00000000d5880000,0x00000000d5900000)
 ParOldGen       total 747520K, used 242106K [0x0000000080000000, 0x00000000ada00000, 0x00000000d5580000)
  object space 747520K, 32% used [0x0000000080000000,0x000000008ec6e810,0x00000000ada00000)
 Metaspace       used 101162K, committed 102912K, reserved 1179648K
  class space    used 10295K, committed 11136K, reserved 1048576K
}
Event: 9832.260 GC heap before
{Heap before GC invocations=3033 (full 6):
 PSYoungGen      total 2560K, used 2368K [0x00000000d5580000, 0x00000000d5980000, 0x0000000100000000)
  eden space 2048K, 100% used [0x00000000d5580000,0x00000000d5780000,0x00000000d5780000)
  from space 512K, 62% used [0x00000000d5900000,0x00000000d5950000,0x00000000d5980000)
  to   space 512K, 0% used [0x00000000d5880000,0x00000000d5880000,0x00000000d5900000)
 ParOldGen       total 747520K, used 242106K [0x0000000080000000, 0x00000000ada00000, 0x00000000d5580000)
  object space 747520K, 32% used [0x0000000080000000,0x000000008ec6e810,0x00000000ada00000)
 Metaspace       used 101162K, committed 102912K, reserved 1179648K
  class space    used 10295K, committed 11136K, reserved 1048576K
}
Event: 9832.260 GC heap after
{Heap after GC invocations=3033 (full 6):
 PSYoungGen      total 2560K, used 256K [0x00000000d5580000, 0x00000000d5980000, 0x0000000100000000)
  eden space 2048K, 0% used [0x00000000d5580000,0x00000000d5580000,0x00000000d5780000)
  from space 512K, 50% used [0x00000000d5880000,0x00000000d58c0000,0x00000000d5900000)
  to   space 512K, 0% used [0x00000000d5900000,0x00000000d5900000,0x00000000d5980000)
 ParOldGen       total 747520K, used 242178K [0x0000000080000000, 0x00000000ada00000, 0x00000000d5580000)
  object space 747520K, 32% used [0x0000000080000000,0x000000008ec80810,0x00000000ada00000)
 Metaspace       used 101162K, committed 102912K, reserved 1179648K
  class space    used 10295K, committed 11136K, reserved 1048576K
}

